2007.06.01 00:07 B C:\Documents and Settings\Administrator\My Documents\SCCAGRR\results\2007\season\index_files\filelist.xml --> www.sccagrr.com /html/results/2007/season/index_files filelist.xml
2007.06.01 00:07 B C:\Documents and Settings\Administrator\My Documents\SCCAGRR\results\2007\season\index_files\sheet001.htm --> www.sccagrr.com /html/results/2007/season/index_files sheet001.htm
2007.06.01 00:07 B C:\Documents and Settings\Administrator\My Documents\SCCAGRR\results\2007\season\index_files\sheet002.htm --> www.sccagrr.com /html/results/2007/season/index_files sheet002.htm
2007.06.01 00:07 B C:\Documents and Settings\Administrator\My Documents\SCCAGRR\results\2007\season\index_files\stylesheet.css --> www.sccagrr.com /html/results/2007/season/index_files stylesheet.css
2007.06.01 00:07 B C:\Documents and Settings\Administrator\My Documents\SCCAGRR\results\2007\season\index_files\tabstrip.htm --> www.sccagrr.com /html/results/2007/season/index_files tabstrip.htm
2007.06.19 00:09 B C:\Documents and Settings\Administrator\My Documents\SCCAGRR\results\2007\season\index_files\filelist.xml --> www.sccagrr.com /html/results/2007/season/index_files filelist.xml
2007.06.19 00:09 B C:\Documents and Settings\Administrator\My Documents\SCCAGRR\results\2007\season\index_files\sheet001.htm --> www.sccagrr.com /html/results/2007/season/index_files sheet001.htm
2007.06.19 00:09 B C:\Documents and Settings\Administrator\My Documents\SCCAGRR\results\2007\season\index_files\sheet002.htm --> www.sccagrr.com /html/results/2007/season/index_files sheet002.htm
2007.06.19 00:09 B C:\Documents and Settings\Administrator\My Documents\SCCAGRR\results\2007\season\index_files\stylesheet.css --> www.sccagrr.com /html/results/2007/season/index_files stylesheet.css
2007.06.19 00:09 B C:\Documents and Settings\Administrator\My Documents\SCCAGRR\results\2007\season\index_files\tabstrip.htm --> www.sccagrr.com /html/results/2007/season/index_files tabstrip.htm
2007.06.19 00:09 B C:\Documents and Settings\Administrator\My Documents\SCCAGRR\results\2007\season\index_files\WS_FTP.LOG --> www.sccagrr.com /html/results/2007/season/index_files WS_FTP.LOG
2007.08.14 23:45 B C:\Documents and Settings\Administrator\My Documents\SCCAGRR\results\2007\season\index_files\filelist.xml --> www.sccagrr.com /html/results/2007/season/index_files filelist.xml
2007.08.14 23:45 B C:\Documents and Settings\Administrator\My Documents\SCCAGRR\results\2007\season\index_files\sheet001.htm --> www.sccagrr.com /html/results/2007/season/index_files sheet001.htm
2007.08.14 23:45 B C:\Documents and Settings\Administrator\My Documents\SCCAGRR\results\2007\season\index_files\sheet002.htm --> www.sccagrr.com /html/results/2007/season/index_files sheet002.htm
2007.08.14 23:45 B C:\Documents and Settings\Administrator\My Documents\SCCAGRR\results\2007\season\index_files\stylesheet.css --> www.sccagrr.com /html/results/2007/season/index_files stylesheet.css
2007.08.14 23:45 B C:\Documents and Settings\Administrator\My Documents\SCCAGRR\results\2007\season\index_files\tabstrip.htm --> www.sccagrr.com /html/results/2007/season/index_files tabstrip.htm
2007.09.05 23:24 B C:\Documents and Settings\Administrator\My Documents\SCCAGRR\results\2007\season\index_files\filelist.xml --> www.sccagrr.com /html/results/2007/season/index_files filelist.xml
2007.09.05 23:25 B C:\Documents and Settings\Administrator\My Documents\SCCAGRR\results\2007\season\index_files\sheet001.htm --> www.sccagrr.com /html/results/2007/season/index_files sheet001.htm
2007.09.05 23:25 B C:\Documents and Settings\Administrator\My Documents\SCCAGRR\results\2007\season\index_files\sheet002.htm --> www.sccagrr.com /html/results/2007/season/index_files sheet002.htm
2007.09.05 23:25 B C:\Documents and Settings\Administrator\My Documents\SCCAGRR\results\2007\season\index_files\stylesheet.css --> www.sccagrr.com /html/results/2007/season/index_files stylesheet.css
2007.09.05 23:25 B C:\Documents and Settings\Administrator\My Documents\SCCAGRR\results\2007\season\index_files\tabstrip.htm --> www.sccagrr.com /html/results/2007/season/index_files tabstrip.htm
2007.09.05 23:25 B C:\Documents and Settings\Administrator\My Documents\SCCAGRR\results\2007\season\index_files\WS_FTP.LOG --> www.sccagrr.com /html/results/2007/season/index_files WS_FTP.LOG
2007.09.23 23:07 B C:\Documents and Settings\Administrator\My Documents\SCCAGRR\results\2007\season\index_files\filelist.xml --> www.sccagrr.com /html/results/2007/season/index_files filelist.xml
2007.09.23 23:07 B C:\Documents and Settings\Administrator\My Documents\SCCAGRR\results\2007\season\index_files\sheet001.htm --> www.sccagrr.com /html/results/2007/season/index_files sheet001.htm
2007.09.23 23:07 B C:\Documents and Settings\Administrator\My Documents\SCCAGRR\results\2007\season\index_files\sheet002.htm --> www.sccagrr.com /html/results/2007/season/index_files sheet002.htm
2007.09.23 23:07 B C:\Documents and Settings\Administrator\My Documents\SCCAGRR\results\2007\season\index_files\stylesheet.css --> www.sccagrr.com /html/results/2007/season/index_files stylesheet.css
2007.09.23 23:07 B C:\Documents and Settings\Administrator\My Documents\SCCAGRR\results\2007\season\index_files\tabstrip.htm --> www.sccagrr.com /html/results/2007/season/index_files tabstrip.htm
2007.11.06 22:30 B F:\My Documents\My Webs\SCCAGRR\results\2007\season\index_files\filelist.xml --> www.sccagrr.com /html/results/2007/season/index_files filelist.xml
2007.11.06 22:30 B F:\My Documents\My Webs\SCCAGRR\results\2007\season\index_files\sheet001.htm --> www.sccagrr.com /html/results/2007/season/index_files sheet001.htm
2007.11.06 22:30 B F:\My Documents\My Webs\SCCAGRR\results\2007\season\index_files\sheet002.htm --> www.sccagrr.com /html/results/2007/season/index_files sheet002.htm
2007.11.06 22:30 B F:\My Documents\My Webs\SCCAGRR\results\2007\season\index_files\stylesheet.css --> www.sccagrr.com /html/results/2007/season/index_files stylesheet.css
2007.11.06 22:30 B F:\My Documents\My Webs\SCCAGRR\results\2007\season\index_files\tabstrip.htm --> www.sccagrr.com /html/results/2007/season/index_files tabstrip.htm
2007.11.09 23:05 B F:\My Documents\My Webs\SCCAGRR\results\2007\season\index_files\filelist.xml --> www.sccagrr.com /html/results/2007/season/index_files filelist.xml
2007.11.09 23:05 B F:\My Documents\My Webs\SCCAGRR\results\2007\season\index_files\sheet001.htm --> www.sccagrr.com /html/results/2007/season/index_files sheet001.htm
2007.11.09 23:05 B F:\My Documents\My Webs\SCCAGRR\results\2007\season\index_files\sheet002.htm --> www.sccagrr.com /html/results/2007/season/index_files sheet002.htm
2007.11.09 23:05 B F:\My Documents\My Webs\SCCAGRR\results\2007\season\index_files\stylesheet.css --> www.sccagrr.com /html/results/2007/season/index_files stylesheet.css
2007.11.09 23:05 B F:\My Documents\My Webs\SCCAGRR\results\2007\season\index_files\tabstrip.htm --> www.sccagrr.com /html/results/2007/season/index_files tabstrip.htm
2007.11.09 23:05 B F:\My Documents\My Webs\SCCAGRR\results\2007\season\index_files\WS_FTP.LOG --> www.sccagrr.com /html/results/2007/season/index_files WS_FTP.LOG
2007.11.10 23:38 B F:\My Documents\My Webs\SCCAGRR\results\2007\season\index_files\filelist.xml --> calypso.dreamhost.com /sccagrr.com/results/2007/season/index_files filelist.xml
2007.11.10 23:38 B F:\My Documents\My Webs\SCCAGRR\results\2007\season\index_files\sheet001.htm --> calypso.dreamhost.com /sccagrr.com/results/2007/season/index_files sheet001.htm
2007.11.10 23:38 B F:\My Documents\My Webs\SCCAGRR\results\2007\season\index_files\sheet002.htm --> calypso.dreamhost.com /sccagrr.com/results/2007/season/index_files sheet002.htm
2007.11.10 23:38 B F:\My Documents\My Webs\SCCAGRR\results\2007\season\index_files\stylesheet.css --> calypso.dreamhost.com /sccagrr.com/results/2007/season/index_files stylesheet.css
2007.11.10 23:38 B F:\My Documents\My Webs\SCCAGRR\results\2007\season\index_files\tabstrip.htm --> calypso.dreamhost.com /sccagrr.com/results/2007/season/index_files tabstrip.htm
