105.06.20 23:37 B c:\Documents and Settings\Administrator\Desktop\SCCAGRR\results\2005\season\index_files\filelist.xml --> prolite.revealed.net /html/results/2005/season/index_files filelist.xml
105.06.20 23:37 B c:\Documents and Settings\Administrator\Desktop\SCCAGRR\results\2005\season\index_files\sheet001.htm --> prolite.revealed.net /html/results/2005/season/index_files sheet001.htm
105.06.20 23:38 B c:\Documents and Settings\Administrator\Desktop\SCCAGRR\results\2005\season\index_files\sheet002.htm --> prolite.revealed.net /html/results/2005/season/index_files sheet002.htm
105.06.20 23:38 B c:\Documents and Settings\Administrator\Desktop\SCCAGRR\results\2005\season\index_files\stylesheet.css --> prolite.revealed.net /html/results/2005/season/index_files stylesheet.css
105.06.20 23:38 B c:\Documents and Settings\Administrator\Desktop\SCCAGRR\results\2005\season\index_files\tabstrip.htm --> prolite.revealed.net /html/results/2005/season/index_files tabstrip.htm
105.07.29 23:14 B c:\Documents and Settings\Administrator\Desktop\SCCAGRR\results\2005\season\index_files\filelist.xml --> prolite.revealed.net /html/results/2005/season/index_files filelist.xml
105.07.29 23:14 B c:\Documents and Settings\Administrator\Desktop\SCCAGRR\results\2005\season\index_files\sheet001.htm --> prolite.revealed.net /html/results/2005/season/index_files sheet001.htm
105.07.29 23:14 B c:\Documents and Settings\Administrator\Desktop\SCCAGRR\results\2005\season\index_files\sheet002.htm --> prolite.revealed.net /html/results/2005/season/index_files sheet002.htm
105.07.29 23:14 B c:\Documents and Settings\Administrator\Desktop\SCCAGRR\results\2005\season\index_files\stylesheet.css --> prolite.revealed.net /html/results/2005/season/index_files stylesheet.css
105.07.29 23:14 B c:\Documents and Settings\Administrator\Desktop\SCCAGRR\results\2005\season\index_files\tabstrip.htm --> prolite.revealed.net /html/results/2005/season/index_files tabstrip.htm
105.07.30 23:43 B c:\Documents and Settings\Administrator\Desktop\SCCAGRR\results\2005\season\index_files\filelist.xml --> prolite.revealed.net /html/results/2005/season/index_files filelist.xml
105.07.30 23:43 B c:\Documents and Settings\Administrator\Desktop\SCCAGRR\results\2005\season\index_files\sheet001.htm --> prolite.revealed.net /html/results/2005/season/index_files sheet001.htm
105.07.30 23:43 B c:\Documents and Settings\Administrator\Desktop\SCCAGRR\results\2005\season\index_files\sheet002.htm --> prolite.revealed.net /html/results/2005/season/index_files sheet002.htm
105.07.30 23:43 B c:\Documents and Settings\Administrator\Desktop\SCCAGRR\results\2005\season\index_files\stylesheet.css --> prolite.revealed.net /html/results/2005/season/index_files stylesheet.css
105.07.30 23:43 B c:\Documents and Settings\Administrator\Desktop\SCCAGRR\results\2005\season\index_files\tabstrip.htm --> prolite.revealed.net /html/results/2005/season/index_files tabstrip.htm
105.07.30 23:43 B c:\Documents and Settings\Administrator\Desktop\SCCAGRR\results\2005\season\index_files\WS_FTP.LOG --> prolite.revealed.net /html/results/2005/season/index_files WS_FTP.LOG
105.08.07 22:37 B c:\Documents and Settings\Administrator\Desktop\SCCAGRR\results\2005\season\index_files\filelist.xml --> prolite.revealed.net /html/results/2005/season/index_files filelist.xml
105.08.07 22:38 B c:\Documents and Settings\Administrator\Desktop\SCCAGRR\results\2005\season\index_files\sheet001.htm --> prolite.revealed.net /html/results/2005/season/index_files sheet001.htm
105.08.07 22:38 B c:\Documents and Settings\Administrator\Desktop\SCCAGRR\results\2005\season\index_files\sheet002.htm --> prolite.revealed.net /html/results/2005/season/index_files sheet002.htm
105.08.07 22:38 B c:\Documents and Settings\Administrator\Desktop\SCCAGRR\results\2005\season\index_files\filelist.xml --> prolite.revealed.net /html/results/2005/season/index_files filelist.xml
105.08.07 22:38 B c:\Documents and Settings\Administrator\Desktop\SCCAGRR\results\2005\season\index_files\sheet001.htm --> prolite.revealed.net /html/results/2005/season/index_files sheet001.htm
105.08.07 22:38 B c:\Documents and Settings\Administrator\Desktop\SCCAGRR\results\2005\season\index_files\sheet002.htm --> prolite.revealed.net /html/results/2005/season/index_files sheet002.htm
105.08.07 22:38 B c:\Documents and Settings\Administrator\Desktop\SCCAGRR\results\2005\season\index_files\stylesheet.css --> prolite.revealed.net /html/results/2005/season/index_files stylesheet.css
105.08.07 22:38 B c:\Documents and Settings\Administrator\Desktop\SCCAGRR\results\2005\season\index_files\tabstrip.htm --> prolite.revealed.net /html/results/2005/season/index_files tabstrip.htm
105.09.04 03:11 B c:\Documents and Settings\Administrator\Desktop\SCCAGRR\results\2005\season\index_files\filelist.xml --> prolite.revealed.net /html/results/2005/season/index_files filelist.xml
105.09.04 03:11 B c:\Documents and Settings\Administrator\Desktop\SCCAGRR\results\2005\season\index_files\sheet001.htm --> prolite.revealed.net /html/results/2005/season/index_files sheet001.htm
105.09.04 03:11 B c:\Documents and Settings\Administrator\Desktop\SCCAGRR\results\2005\season\index_files\sheet002.htm --> prolite.revealed.net /html/results/2005/season/index_files sheet002.htm
105.09.04 03:11 B c:\Documents and Settings\Administrator\Desktop\SCCAGRR\results\2005\season\index_files\stylesheet.css --> prolite.revealed.net /html/results/2005/season/index_files stylesheet.css
105.09.04 03:11 B c:\Documents and Settings\Administrator\Desktop\SCCAGRR\results\2005\season\index_files\tabstrip.htm --> prolite.revealed.net /html/results/2005/season/index_files tabstrip.htm
105.09.13 18:10 B c:\Documents and Settings\Administrator\Desktop\SCCAGRR\results\2005\season\index_files\filelist.xml --> prolite.revealed.net /html/results/2005/season/index_files filelist.xml
105.09.13 18:10 B c:\Documents and Settings\Administrator\Desktop\SCCAGRR\results\2005\season\index_files\sheet001.htm --> prolite.revealed.net /html/results/2005/season/index_files sheet001.htm
105.09.13 18:10 B c:\Documents and Settings\Administrator\Desktop\SCCAGRR\results\2005\season\index_files\sheet002.htm --> prolite.revealed.net /html/results/2005/season/index_files sheet002.htm
105.09.13 18:10 B c:\Documents and Settings\Administrator\Desktop\SCCAGRR\results\2005\season\index_files\stylesheet.css --> prolite.revealed.net /html/results/2005/season/index_files stylesheet.css
105.09.13 18:10 B c:\Documents and Settings\Administrator\Desktop\SCCAGRR\results\2005\season\index_files\tabstrip.htm --> prolite.revealed.net /html/results/2005/season/index_files tabstrip.htm
105.09.13 18:10 B c:\Documents and Settings\Administrator\Desktop\SCCAGRR\results\2005\season\index_files\WS_FTP.LOG --> prolite.revealed.net /html/results/2005/season/index_files WS_FTP.LOG
105.09.25 23:42 B c:\Documents and Settings\Administrator\Desktop\SCCAGRR\results\2005\season\index_files\filelist.xml --> prolite.revealed.net /html/results/2005/season/index_files filelist.xml
105.09.25 23:42 B c:\Documents and Settings\Administrator\Desktop\SCCAGRR\results\2005\season\index_files\sheet001.htm --> prolite.revealed.net /html/results/2005/season/index_files sheet001.htm
105.09.25 23:42 B c:\Documents and Settings\Administrator\Desktop\SCCAGRR\results\2005\season\index_files\sheet002.htm --> prolite.revealed.net /html/results/2005/season/index_files sheet002.htm
105.09.25 23:42 B c:\Documents and Settings\Administrator\Desktop\SCCAGRR\results\2005\season\index_files\stylesheet.css --> prolite.revealed.net /html/results/2005/season/index_files stylesheet.css
105.09.25 23:42 B c:\Documents and Settings\Administrator\Desktop\SCCAGRR\results\2005\season\index_files\tabstrip.htm --> prolite.revealed.net /html/results/2005/season/index_files tabstrip.htm
105.09.28 21:29 B c:\Documents and Settings\Administrator\Desktop\SCCAGRR\results\2005\season\index_files\filelist.xml --> prolite.revealed.net /html/results/2005/season/index_files filelist.xml
105.09.28 21:29 B c:\Documents and Settings\Administrator\Desktop\SCCAGRR\results\2005\season\index_files\sheet001.htm --> prolite.revealed.net /html/results/2005/season/index_files sheet001.htm
105.09.28 21:29 B c:\Documents and Settings\Administrator\Desktop\SCCAGRR\results\2005\season\index_files\sheet002.htm --> prolite.revealed.net /html/results/2005/season/index_files sheet002.htm
105.09.28 21:29 B c:\Documents and Settings\Administrator\Desktop\SCCAGRR\results\2005\season\index_files\stylesheet.css --> prolite.revealed.net /html/results/2005/season/index_files stylesheet.css
105.09.28 21:29 B c:\Documents and Settings\Administrator\Desktop\SCCAGRR\results\2005\season\index_files\tabstrip.htm --> prolite.revealed.net /html/results/2005/season/index_files tabstrip.htm
105.10.24 01:58 B c:\Documents and Settings\Administrator\Desktop\SCCAGRR\results\2005\season\index_files\filelist.xml --> prolite.revealed.net /html/results/2005/season/index_files filelist.xml
105.10.24 01:58 B c:\Documents and Settings\Administrator\Desktop\SCCAGRR\results\2005\season\index_files\sheet001.htm --> prolite.revealed.net /html/results/2005/season/index_files sheet001.htm
105.10.24 01:58 B c:\Documents and Settings\Administrator\Desktop\SCCAGRR\results\2005\season\index_files\sheet002.htm --> prolite.revealed.net /html/results/2005/season/index_files sheet002.htm
105.10.24 01:58 B c:\Documents and Settings\Administrator\Desktop\SCCAGRR\results\2005\season\index_files\stylesheet.css --> prolite.revealed.net /html/results/2005/season/index_files stylesheet.css
105.10.24 01:58 B c:\Documents and Settings\Administrator\Desktop\SCCAGRR\results\2005\season\index_files\tabstrip.htm --> prolite.revealed.net /html/results/2005/season/index_files tabstrip.htm
105.11.12 14:01 B c:\Documents and Settings\Administrator\Desktop\SCCAGRR\results\2005\season\index_files\filelist.xml --> prolite.revealed.net /html/results/2005/season/index_files filelist.xml
105.11.12 14:01 B c:\Documents and Settings\Administrator\Desktop\SCCAGRR\results\2005\season\index_files\sheet001.htm --> prolite.revealed.net /html/results/2005/season/index_files sheet001.htm
105.11.12 14:01 B c:\Documents and Settings\Administrator\Desktop\SCCAGRR\results\2005\season\index_files\sheet002.htm --> prolite.revealed.net /html/results/2005/season/index_files sheet002.htm
105.11.12 14:01 B c:\Documents and Settings\Administrator\Desktop\SCCAGRR\results\2005\season\index_files\stylesheet.css --> prolite.revealed.net /html/results/2005/season/index_files stylesheet.css
105.11.12 14:01 B c:\Documents and Settings\Administrator\Desktop\SCCAGRR\results\2005\season\index_files\tabstrip.htm --> prolite.revealed.net /html/results/2005/season/index_files tabstrip.htm
105.11.12 14:20 B c:\Documents and Settings\Administrator\Desktop\SCCAGRR\results\2005\season\index_files\filelist.xml --> prolite.revealed.net /html/results/2005/season/index_files filelist.xml
105.11.12 14:20 B c:\Documents and Settings\Administrator\Desktop\SCCAGRR\results\2005\season\index_files\sheet001.htm --> prolite.revealed.net /html/results/2005/season/index_files sheet001.htm
105.11.12 14:20 B c:\Documents and Settings\Administrator\Desktop\SCCAGRR\results\2005\season\index_files\sheet002.htm --> prolite.revealed.net /html/results/2005/season/index_files sheet002.htm
105.11.12 14:20 B c:\Documents and Settings\Administrator\Desktop\SCCAGRR\results\2005\season\index_files\stylesheet.css --> prolite.revealed.net /html/results/2005/season/index_files stylesheet.css
105.11.12 14:20 B c:\Documents and Settings\Administrator\Desktop\SCCAGRR\results\2005\season\index_files\tabstrip.htm --> prolite.revealed.net /html/results/2005/season/index_files tabstrip.htm
2007.11.10 23:30 B F:\My Documents\My Webs\SCCAGRR\results\2005\season\index_files\filelist.xml --> calypso.dreamhost.com /sccagrr.com/results/2005/season/index_files filelist.xml
2007.11.10 23:30 B F:\My Documents\My Webs\SCCAGRR\results\2005\season\index_files\sheet001.htm --> calypso.dreamhost.com /sccagrr.com/results/2005/season/index_files sheet001.htm
2007.11.10 23:30 B F:\My Documents\My Webs\SCCAGRR\results\2005\season\index_files\sheet002.htm --> calypso.dreamhost.com /sccagrr.com/results/2005/season/index_files sheet002.htm
2007.11.10 23:30 B F:\My Documents\My Webs\SCCAGRR\results\2005\season\index_files\stylesheet.css --> calypso.dreamhost.com /sccagrr.com/results/2005/season/index_files stylesheet.css
2007.11.10 23:30 B F:\My Documents\My Webs\SCCAGRR\results\2005\season\index_files\tabstrip.htm --> calypso.dreamhost.com /sccagrr.com/results/2005/season/index_files tabstrip.htm
