2009.05.05 00:20 B F:\My Documents\My Webs\SCCAGRR\results\2009\event1\index_files\editdata.mso --> calypso.dreamhost.com /sccagrr.com/results/2009/event1/index_files editdata.mso
2009.05.05 00:20 B F:\My Documents\My Webs\SCCAGRR\results\2009\event1\index_files\filelist.xml --> calypso.dreamhost.com /sccagrr.com/results/2009/event1/index_files filelist.xml
2009.05.05 00:20 B F:\My Documents\My Webs\SCCAGRR\results\2009\event1\index_files\sheet001.htm --> calypso.dreamhost.com /sccagrr.com/results/2009/event1/index_files sheet001.htm
2009.05.05 00:20 B F:\My Documents\My Webs\SCCAGRR\results\2009\event1\index_files\sheet002.htm --> calypso.dreamhost.com /sccagrr.com/results/2009/event1/index_files sheet002.htm
2009.05.05 00:20 B F:\My Documents\My Webs\SCCAGRR\results\2009\event1\index_files\sheet003.htm --> calypso.dreamhost.com /sccagrr.com/results/2009/event1/index_files sheet003.htm
2009.05.05 00:20 B F:\My Documents\My Webs\SCCAGRR\results\2009\event1\index_files\stylesheet.css --> calypso.dreamhost.com /sccagrr.com/results/2009/event1/index_files stylesheet.css
2009.05.05 00:20 B F:\My Documents\My Webs\SCCAGRR\results\2009\event1\index_files\tabstrip.htm --> calypso.dreamhost.com /sccagrr.com/results/2009/event1/index_files tabstrip.htm
2009.05.05 00:21 B F:\My Documents\My Webs\SCCAGRR\results\2009\event1\index_files\editdata.mso --> calypso.dreamhost.com /sccagrr.com/results/2009/event1/index_files editdata.mso
2009.05.05 00:21 B F:\My Documents\My Webs\SCCAGRR\results\2009\event1\index_files\filelist.xml --> calypso.dreamhost.com /sccagrr.com/results/2009/event1/index_files filelist.xml
2009.05.05 00:21 B F:\My Documents\My Webs\SCCAGRR\results\2009\event1\index_files\sheet001.htm --> calypso.dreamhost.com /sccagrr.com/results/2009/event1/index_files sheet001.htm
2009.05.05 00:21 B F:\My Documents\My Webs\SCCAGRR\results\2009\event1\index_files\sheet002.htm --> calypso.dreamhost.com /sccagrr.com/results/2009/event1/index_files sheet002.htm
2009.05.05 00:21 B F:\My Documents\My Webs\SCCAGRR\results\2009\event1\index_files\sheet003.htm --> calypso.dreamhost.com /sccagrr.com/results/2009/event1/index_files sheet003.htm
2009.05.05 00:21 B F:\My Documents\My Webs\SCCAGRR\results\2009\event1\index_files\stylesheet.css --> calypso.dreamhost.com /sccagrr.com/results/2009/event1/index_files stylesheet.css
2009.05.05 00:21 B F:\My Documents\My Webs\SCCAGRR\results\2009\event1\index_files\tabstrip.htm --> calypso.dreamhost.com /sccagrr.com/results/2009/event1/index_files tabstrip.htm
2009.07.13 02:20 B F:\My Documents\My Webs\SCCAGRR\results\2009\event1\index_files\editdata.mso --> calypso.dreamhost.com /sccagrr.com/results/2009/event1/index_files editdata.mso
2009.07.13 02:20 B F:\My Documents\My Webs\SCCAGRR\results\2009\event1\index_files\filelist.xml --> calypso.dreamhost.com /sccagrr.com/results/2009/event1/index_files filelist.xml
2009.07.13 02:20 B F:\My Documents\My Webs\SCCAGRR\results\2009\event1\index_files\sheet001.htm --> calypso.dreamhost.com /sccagrr.com/results/2009/event1/index_files sheet001.htm
2009.07.13 02:20 B F:\My Documents\My Webs\SCCAGRR\results\2009\event1\index_files\sheet002.htm --> calypso.dreamhost.com /sccagrr.com/results/2009/event1/index_files sheet002.htm
2009.07.13 02:20 B F:\My Documents\My Webs\SCCAGRR\results\2009\event1\index_files\sheet003.htm --> calypso.dreamhost.com /sccagrr.com/results/2009/event1/index_files sheet003.htm
2009.07.13 02:20 B F:\My Documents\My Webs\SCCAGRR\results\2009\event1\index_files\stylesheet.css --> calypso.dreamhost.com /sccagrr.com/results/2009/event1/index_files stylesheet.css
2009.07.13 02:20 B F:\My Documents\My Webs\SCCAGRR\results\2009\event1\index_files\tabstrip.htm --> calypso.dreamhost.com /sccagrr.com/results/2009/event1/index_files tabstrip.htm
