2010.09.22 19:58 B D:\My Documents\My Webs\My Webs\SCCAGRR\results\2010\event10\index_files\editdata.mso --> www.sccagrr.com /sccagrr.com/results/2010/event10/index_files editdata.mso
2010.09.22 19:58 B D:\My Documents\My Webs\My Webs\SCCAGRR\results\2010\event10\index_files\filelist.xml --> www.sccagrr.com /sccagrr.com/results/2010/event10/index_files filelist.xml
2010.09.22 19:58 B D:\My Documents\My Webs\My Webs\SCCAGRR\results\2010\event10\index_files\sheet001.htm --> www.sccagrr.com /sccagrr.com/results/2010/event10/index_files sheet001.htm
2010.09.22 19:58 B D:\My Documents\My Webs\My Webs\SCCAGRR\results\2010\event10\index_files\sheet002.htm --> www.sccagrr.com /sccagrr.com/results/2010/event10/index_files sheet002.htm
2010.09.22 19:58 B D:\My Documents\My Webs\My Webs\SCCAGRR\results\2010\event10\index_files\sheet003.htm --> www.sccagrr.com /sccagrr.com/results/2010/event10/index_files sheet003.htm
2010.09.22 19:58 B D:\My Documents\My Webs\My Webs\SCCAGRR\results\2010\event10\index_files\stylesheet.css --> www.sccagrr.com /sccagrr.com/results/2010/event10/index_files stylesheet.css
2010.09.22 19:58 B D:\My Documents\My Webs\My Webs\SCCAGRR\results\2010\event10\index_files\tabstrip.htm --> www.sccagrr.com /sccagrr.com/results/2010/event10/index_files tabstrip.htm
2010.09.25 14:16 B D:\My Documents\My Webs\My Webs\SCCAGRR\results\2010\event10\index_files\editdata.mso --> www.sccagrr.com /sccagrr.com/results/event10/index_files editdata.mso
2010.09.25 14:16 B D:\My Documents\My Webs\My Webs\SCCAGRR\results\2010\event10\index_files\filelist.xml --> www.sccagrr.com /sccagrr.com/results/event10/index_files filelist.xml
2010.09.25 14:16 B D:\My Documents\My Webs\My Webs\SCCAGRR\results\2010\event10\index_files\sheet001.htm --> www.sccagrr.com /sccagrr.com/results/event10/index_files sheet001.htm
2010.09.25 14:16 B D:\My Documents\My Webs\My Webs\SCCAGRR\results\2010\event10\index_files\sheet002.htm --> www.sccagrr.com /sccagrr.com/results/event10/index_files sheet002.htm
2010.09.25 14:16 B D:\My Documents\My Webs\My Webs\SCCAGRR\results\2010\event10\index_files\sheet003.htm --> www.sccagrr.com /sccagrr.com/results/event10/index_files sheet003.htm
2010.09.25 14:16 B D:\My Documents\My Webs\My Webs\SCCAGRR\results\2010\event10\index_files\stylesheet.css --> www.sccagrr.com /sccagrr.com/results/event10/index_files stylesheet.css
2010.09.25 14:16 B D:\My Documents\My Webs\My Webs\SCCAGRR\results\2010\event10\index_files\tabstrip.htm --> www.sccagrr.com /sccagrr.com/results/event10/index_files tabstrip.htm
2010.09.25 14:16 B D:\My Documents\My Webs\My Webs\SCCAGRR\results\2010\event10\index_files\WS_FTP.LOG --> www.sccagrr.com /sccagrr.com/results/event10/index_files WS_FTP.LOG
2010.09.28 02:19 B D:\My Documents\My Webs\My Webs\SCCAGRR\results\2010\event10\index_files\editdata.mso --> www.sccagrr.com /sccagrr.com/results/2010/event10/index_files editdata.mso
2010.09.28 02:19 B D:\My Documents\My Webs\My Webs\SCCAGRR\results\2010\event10\index_files\filelist.xml --> www.sccagrr.com /sccagrr.com/results/2010/event10/index_files filelist.xml
2010.09.28 02:19 B D:\My Documents\My Webs\My Webs\SCCAGRR\results\2010\event10\index_files\sheet001.htm --> www.sccagrr.com /sccagrr.com/results/2010/event10/index_files sheet001.htm
2010.09.28 02:19 B D:\My Documents\My Webs\My Webs\SCCAGRR\results\2010\event10\index_files\sheet002.htm --> www.sccagrr.com /sccagrr.com/results/2010/event10/index_files sheet002.htm
2010.09.28 02:19 B D:\My Documents\My Webs\My Webs\SCCAGRR\results\2010\event10\index_files\sheet003.htm --> www.sccagrr.com /sccagrr.com/results/2010/event10/index_files sheet003.htm
2010.09.28 02:19 B D:\My Documents\My Webs\My Webs\SCCAGRR\results\2010\event10\index_files\stylesheet.css --> www.sccagrr.com /sccagrr.com/results/2010/event10/index_files stylesheet.css
2010.09.28 02:19 B D:\My Documents\My Webs\My Webs\SCCAGRR\results\2010\event10\index_files\tabstrip.htm --> www.sccagrr.com /sccagrr.com/results/2010/event10/index_files tabstrip.htm
