105.05.02 01:16 B c:\Documents and Settings\Administrator\Desktop\SCCAGRR\results\2005\event1\index_files\editdata.mso --> prolite.revealed.net /html/results/2005/event1/index_files editdata.mso
105.05.02 01:16 B c:\Documents and Settings\Administrator\Desktop\SCCAGRR\results\2005\event1\index_files\filelist.xml --> prolite.revealed.net /html/results/2005/event1/index_files filelist.xml
105.05.02 01:16 B c:\Documents and Settings\Administrator\Desktop\SCCAGRR\results\2005\event1\index_files\sheet001.htm --> prolite.revealed.net /html/results/2005/event1/index_files sheet001.htm
105.05.02 01:16 B c:\Documents and Settings\Administrator\Desktop\SCCAGRR\results\2005\event1\index_files\sheet002.htm --> prolite.revealed.net /html/results/2005/event1/index_files sheet002.htm
105.05.02 01:16 B c:\Documents and Settings\Administrator\Desktop\SCCAGRR\results\2005\event1\index_files\sheet003.htm --> prolite.revealed.net /html/results/2005/event1/index_files sheet003.htm
105.05.02 01:16 B c:\Documents and Settings\Administrator\Desktop\SCCAGRR\results\2005\event1\index_files\sheet004.htm --> prolite.revealed.net /html/results/2005/event1/index_files sheet004.htm
105.05.02 01:16 B c:\Documents and Settings\Administrator\Desktop\SCCAGRR\results\2005\event1\index_files\stylesheet.css --> prolite.revealed.net /html/results/2005/event1/index_files stylesheet.css
105.05.02 01:16 B c:\Documents and Settings\Administrator\Desktop\SCCAGRR\results\2005\event1\index_files\tabstrip.htm --> prolite.revealed.net /html/results/2005/event1/index_files tabstrip.htm
105.05.02 21:31 B c:\Documents and Settings\Administrator\Desktop\SCCAGRR\results\2005\event1\index_files\editdata.mso --> prolite.revealed.net /html/results/2005/event1/index_files editdata.mso
105.05.02 21:31 B c:\Documents and Settings\Administrator\Desktop\SCCAGRR\results\2005\event1\index_files\filelist.xml --> prolite.revealed.net /html/results/2005/event1/index_files filelist.xml
105.05.02 21:31 B c:\Documents and Settings\Administrator\Desktop\SCCAGRR\results\2005\event1\index_files\sheet001.htm --> prolite.revealed.net /html/results/2005/event1/index_files sheet001.htm
105.05.02 21:31 B c:\Documents and Settings\Administrator\Desktop\SCCAGRR\results\2005\event1\index_files\sheet002.htm --> prolite.revealed.net /html/results/2005/event1/index_files sheet002.htm
105.05.02 21:31 B c:\Documents and Settings\Administrator\Desktop\SCCAGRR\results\2005\event1\index_files\sheet003.htm --> prolite.revealed.net /html/results/2005/event1/index_files sheet003.htm
105.05.02 21:31 B c:\Documents and Settings\Administrator\Desktop\SCCAGRR\results\2005\event1\index_files\stylesheet.css --> prolite.revealed.net /html/results/2005/event1/index_files stylesheet.css
105.05.02 21:31 B c:\Documents and Settings\Administrator\Desktop\SCCAGRR\results\2005\event1\index_files\tabstrip.htm --> prolite.revealed.net /html/results/2005/event1/index_files tabstrip.htm
105.06.19 00:34 B c:\Documents and Settings\Administrator\Desktop\SCCAGRR\results\2005\event1\index_files\editdata.mso --> prolite.revealed.net /html/results/2005/event1/index_files editdata.mso
105.06.19 00:34 B c:\Documents and Settings\Administrator\Desktop\SCCAGRR\results\2005\event1\index_files\filelist.xml --> prolite.revealed.net /html/results/2005/event1/index_files filelist.xml
105.06.19 00:34 B c:\Documents and Settings\Administrator\Desktop\SCCAGRR\results\2005\event1\index_files\sheet001.htm --> prolite.revealed.net /html/results/2005/event1/index_files sheet001.htm
105.06.19 00:34 B c:\Documents and Settings\Administrator\Desktop\SCCAGRR\results\2005\event1\index_files\sheet002.htm --> prolite.revealed.net /html/results/2005/event1/index_files sheet002.htm
105.06.19 00:34 B c:\Documents and Settings\Administrator\Desktop\SCCAGRR\results\2005\event1\index_files\sheet003.htm --> prolite.revealed.net /html/results/2005/event1/index_files sheet003.htm
105.06.19 00:34 B c:\Documents and Settings\Administrator\Desktop\SCCAGRR\results\2005\event1\index_files\stylesheet.css --> prolite.revealed.net /html/results/2005/event1/index_files stylesheet.css
105.06.19 00:34 B c:\Documents and Settings\Administrator\Desktop\SCCAGRR\results\2005\event1\index_files\tabstrip.htm --> prolite.revealed.net /html/results/2005/event1/index_files tabstrip.htm
105.06.19 00:34 B c:\Documents and Settings\Administrator\Desktop\SCCAGRR\results\2005\event1\index_files\editdata.mso --> prolite.revealed.net /html/results/2005/event1/index_files editdata.mso
105.06.19 00:34 B c:\Documents and Settings\Administrator\Desktop\SCCAGRR\results\2005\event1\index_files\filelist.xml --> prolite.revealed.net /html/results/2005/event1/index_files filelist.xml
105.06.19 00:34 B c:\Documents and Settings\Administrator\Desktop\SCCAGRR\results\2005\event1\index_files\sheet001.htm --> prolite.revealed.net /html/results/2005/event1/index_files sheet001.htm
105.06.19 00:34 B c:\Documents and Settings\Administrator\Desktop\SCCAGRR\results\2005\event1\index_files\sheet002.htm --> prolite.revealed.net /html/results/2005/event1/index_files sheet002.htm
105.06.19 00:34 B c:\Documents and Settings\Administrator\Desktop\SCCAGRR\results\2005\event1\index_files\sheet003.htm --> prolite.revealed.net /html/results/2005/event1/index_files sheet003.htm
105.06.19 00:34 B c:\Documents and Settings\Administrator\Desktop\SCCAGRR\results\2005\event1\index_files\stylesheet.css --> prolite.revealed.net /html/results/2005/event1/index_files stylesheet.css
105.06.19 00:34 B c:\Documents and Settings\Administrator\Desktop\SCCAGRR\results\2005\event1\index_files\tabstrip.htm --> prolite.revealed.net /html/results/2005/event1/index_files tabstrip.htm
2007.11.10 23:25 B F:\My Documents\My Webs\SCCAGRR\results\2005\event1\index_files\editdata.mso --> calypso.dreamhost.com /sccagrr.com/results/2005/event1/index_files editdata.mso
2007.11.10 23:25 B F:\My Documents\My Webs\SCCAGRR\results\2005\event1\index_files\filelist.xml --> calypso.dreamhost.com /sccagrr.com/results/2005/event1/index_files filelist.xml
2007.11.10 23:25 B F:\My Documents\My Webs\SCCAGRR\results\2005\event1\index_files\sheet001.htm --> calypso.dreamhost.com /sccagrr.com/results/2005/event1/index_files sheet001.htm
2007.11.10 23:25 B F:\My Documents\My Webs\SCCAGRR\results\2005\event1\index_files\sheet002.htm --> calypso.dreamhost.com /sccagrr.com/results/2005/event1/index_files sheet002.htm
2007.11.10 23:25 B F:\My Documents\My Webs\SCCAGRR\results\2005\event1\index_files\sheet003.htm --> calypso.dreamhost.com /sccagrr.com/results/2005/event1/index_files sheet003.htm
2007.11.10 23:25 B F:\My Documents\My Webs\SCCAGRR\results\2005\event1\index_files\stylesheet.css --> calypso.dreamhost.com /sccagrr.com/results/2005/event1/index_files stylesheet.css
2007.11.10 23:25 B F:\My Documents\My Webs\SCCAGRR\results\2005\event1\index_files\tabstrip.htm --> calypso.dreamhost.com /sccagrr.com/results/2005/event1/index_files tabstrip.htm
