2006.05.02 23:08 B C:\Documents and Settings\Administrator\My Documents\SCCAGRR\results\2006\season\index_files\filelist.xml --> www.sccagrr.com /html/results/2006/season/index_files filelist.xml
2006.05.02 23:08 B C:\Documents and Settings\Administrator\My Documents\SCCAGRR\results\2006\season\index_files\sheet001.htm --> www.sccagrr.com /html/results/2006/season/index_files sheet001.htm
2006.05.02 23:08 B C:\Documents and Settings\Administrator\My Documents\SCCAGRR\results\2006\season\index_files\sheet002.htm --> www.sccagrr.com /html/results/2006/season/index_files sheet002.htm
2006.05.02 23:08 B C:\Documents and Settings\Administrator\My Documents\SCCAGRR\results\2006\season\index_files\stylesheet.css --> www.sccagrr.com /html/results/2006/season/index_files stylesheet.css
2006.05.02 23:08 B C:\Documents and Settings\Administrator\My Documents\SCCAGRR\results\2006\season\index_files\tabstrip.htm --> www.sccagrr.com /html/results/2006/season/index_files tabstrip.htm
2006.05.22 22:47 B C:\Documents and Settings\Administrator\My Documents\SCCAGRR\results\2006\season\index_files\filelist.xml --> www.sccagrr.com /html/results/2006/season/index_files filelist.xml
2006.05.22 22:47 B C:\Documents and Settings\Administrator\My Documents\SCCAGRR\results\2006\season\index_files\sheet001.htm --> www.sccagrr.com /html/results/2006/season/index_files sheet001.htm
2006.05.22 22:47 B C:\Documents and Settings\Administrator\My Documents\SCCAGRR\results\2006\season\index_files\sheet002.htm --> www.sccagrr.com /html/results/2006/season/index_files sheet002.htm
2006.05.22 22:47 B C:\Documents and Settings\Administrator\My Documents\SCCAGRR\results\2006\season\index_files\stylesheet.css --> www.sccagrr.com /html/results/2006/season/index_files stylesheet.css
2006.05.22 22:47 B C:\Documents and Settings\Administrator\My Documents\SCCAGRR\results\2006\season\index_files\tabstrip.htm --> www.sccagrr.com /html/results/2006/season/index_files tabstrip.htm
2006.05.22 22:47 B C:\Documents and Settings\Administrator\My Documents\SCCAGRR\results\2006\season\index_files\WS_FTP.LOG --> www.sccagrr.com /html/results/2006/season/index_files WS_FTP.LOG
2006.05.31 01:39 B C:\Documents and Settings\Administrator\My Documents\SCCAGRR\results\2006\season\index_files\filelist.xml --> www.sccagrr.com /html/results/2006/season/index_files filelist.xml
2006.05.31 01:39 B C:\Documents and Settings\Administrator\My Documents\SCCAGRR\results\2006\season\index_files\sheet001.htm --> www.sccagrr.com /html/results/2006/season/index_files sheet001.htm
2006.05.31 01:39 B C:\Documents and Settings\Administrator\My Documents\SCCAGRR\results\2006\season\index_files\sheet002.htm --> www.sccagrr.com /html/results/2006/season/index_files sheet002.htm
2006.05.31 01:39 B C:\Documents and Settings\Administrator\My Documents\SCCAGRR\results\2006\season\index_files\stylesheet.css --> www.sccagrr.com /html/results/2006/season/index_files stylesheet.css
2006.05.31 01:39 B C:\Documents and Settings\Administrator\My Documents\SCCAGRR\results\2006\season\index_files\tabstrip.htm --> www.sccagrr.com /html/results/2006/season/index_files tabstrip.htm
2006.06.18 23:06 B C:\Documents and Settings\Administrator\My Documents\SCCAGRR\results\2006\season\index_files\filelist.xml --> www.sccagrr.com /html/results/2006/season/index_files filelist.xml
2006.06.18 23:06 B C:\Documents and Settings\Administrator\My Documents\SCCAGRR\results\2006\season\index_files\sheet001.htm --> www.sccagrr.com /html/results/2006/season/index_files sheet001.htm
2006.06.18 23:06 B C:\Documents and Settings\Administrator\My Documents\SCCAGRR\results\2006\season\index_files\sheet002.htm --> www.sccagrr.com /html/results/2006/season/index_files sheet002.htm
2006.06.18 23:06 B C:\Documents and Settings\Administrator\My Documents\SCCAGRR\results\2006\season\index_files\stylesheet.css --> www.sccagrr.com /html/results/2006/season/index_files stylesheet.css
2006.06.18 23:06 B C:\Documents and Settings\Administrator\My Documents\SCCAGRR\results\2006\season\index_files\tabstrip.htm --> www.sccagrr.com /html/results/2006/season/index_files tabstrip.htm
2006.08.08 23:38 B C:\Documents and Settings\Administrator\My Documents\SCCAGRR\results\2006\season\index_files\filelist.xml --> www.sccagrr.com /html/results/2006/season/index_files filelist.xml
2006.08.08 23:38 B C:\Documents and Settings\Administrator\My Documents\SCCAGRR\results\2006\season\index_files\sheet001.htm --> www.sccagrr.com /html/results/2006/season/index_files sheet001.htm
2006.08.08 23:38 B C:\Documents and Settings\Administrator\My Documents\SCCAGRR\results\2006\season\index_files\sheet002.htm --> www.sccagrr.com /html/results/2006/season/index_files sheet002.htm
2006.08.08 23:38 B C:\Documents and Settings\Administrator\My Documents\SCCAGRR\results\2006\season\index_files\stylesheet.css --> www.sccagrr.com /html/results/2006/season/index_files stylesheet.css
2006.08.08 23:38 B C:\Documents and Settings\Administrator\My Documents\SCCAGRR\results\2006\season\index_files\tabstrip.htm --> www.sccagrr.com /html/results/2006/season/index_files tabstrip.htm
2006.08.08 23:38 B C:\Documents and Settings\Administrator\My Documents\SCCAGRR\results\2006\season\index_files\WS_FTP.LOG --> www.sccagrr.com /html/results/2006/season/index_files WS_FTP.LOG
2006.08.20 23:43 B C:\Documents and Settings\Administrator\My Documents\SCCAGRR\results\2006\season\index_files\filelist.xml --> www.sccagrr.com /html/results/2006/season/index_files filelist.xml
2006.08.20 23:43 B C:\Documents and Settings\Administrator\My Documents\SCCAGRR\results\2006\season\index_files\sheet001.htm --> www.sccagrr.com /html/results/2006/season/index_files sheet001.htm
2006.08.20 23:43 B C:\Documents and Settings\Administrator\My Documents\SCCAGRR\results\2006\season\index_files\sheet002.htm --> www.sccagrr.com /html/results/2006/season/index_files sheet002.htm
2006.08.20 23:43 B C:\Documents and Settings\Administrator\My Documents\SCCAGRR\results\2006\season\index_files\stylesheet.css --> www.sccagrr.com /html/results/2006/season/index_files stylesheet.css
2006.08.20 23:43 B C:\Documents and Settings\Administrator\My Documents\SCCAGRR\results\2006\season\index_files\tabstrip.htm --> www.sccagrr.com /html/results/2006/season/index_files tabstrip.htm
2006.09.04 23:12 B C:\Documents and Settings\Administrator\My Documents\SCCAGRR\results\2006\season\index_files\filelist.xml --> www.sccagrr.com /html/results/2006/season/index_files filelist.xml
2006.09.04 23:12 B C:\Documents and Settings\Administrator\My Documents\SCCAGRR\results\2006\season\index_files\sheet001.htm --> www.sccagrr.com /html/results/2006/season/index_files sheet001.htm
2006.09.04 23:12 B C:\Documents and Settings\Administrator\My Documents\SCCAGRR\results\2006\season\index_files\sheet002.htm --> www.sccagrr.com /html/results/2006/season/index_files sheet002.htm
2006.09.04 23:12 B C:\Documents and Settings\Administrator\My Documents\SCCAGRR\results\2006\season\index_files\stylesheet.css --> www.sccagrr.com /html/results/2006/season/index_files stylesheet.css
2006.09.04 23:12 B C:\Documents and Settings\Administrator\My Documents\SCCAGRR\results\2006\season\index_files\tabstrip.htm --> www.sccagrr.com /html/results/2006/season/index_files tabstrip.htm
2006.09.17 20:43 B C:\Documents and Settings\Administrator\My Documents\SCCAGRR\results\2006\season\index_files\filelist.xml --> www.sccagrr.com /html/results/2006/season/index_files filelist.xml
2006.09.17 20:43 B C:\Documents and Settings\Administrator\My Documents\SCCAGRR\results\2006\season\index_files\sheet001.htm --> www.sccagrr.com /html/results/2006/season/index_files sheet001.htm
2006.09.17 20:43 B C:\Documents and Settings\Administrator\My Documents\SCCAGRR\results\2006\season\index_files\sheet002.htm --> www.sccagrr.com /html/results/2006/season/index_files sheet002.htm
2006.09.17 20:43 B C:\Documents and Settings\Administrator\My Documents\SCCAGRR\results\2006\season\index_files\stylesheet.css --> www.sccagrr.com /html/results/2006/season/index_files stylesheet.css
2006.09.17 20:43 B C:\Documents and Settings\Administrator\My Documents\SCCAGRR\results\2006\season\index_files\tabstrip.htm --> www.sccagrr.com /html/results/2006/season/index_files tabstrip.htm
2006.10.01 22:58 B C:\Documents and Settings\Administrator\My Documents\SCCAGRR\results\2006\season\index_files\filelist.xml --> www.sccagrr.com /html/results/2006/season/index_files filelist.xml
2006.10.01 22:58 B C:\Documents and Settings\Administrator\My Documents\SCCAGRR\results\2006\season\index_files\sheet001.htm --> www.sccagrr.com /html/results/2006/season/index_files sheet001.htm
2006.10.01 22:58 B C:\Documents and Settings\Administrator\My Documents\SCCAGRR\results\2006\season\index_files\sheet002.htm --> www.sccagrr.com /html/results/2006/season/index_files sheet002.htm
2006.10.01 22:58 B C:\Documents and Settings\Administrator\My Documents\SCCAGRR\results\2006\season\index_files\stylesheet.css --> www.sccagrr.com /html/results/2006/season/index_files stylesheet.css
2006.10.01 22:58 B C:\Documents and Settings\Administrator\My Documents\SCCAGRR\results\2006\season\index_files\tabstrip.htm --> www.sccagrr.com /html/results/2006/season/index_files tabstrip.htm
2006.10.22 21:22 B C:\Documents and Settings\Administrator\My Documents\SCCAGRR\results\2006\season\index_files\filelist.xml --> www.sccagrr.com /html/results/2006/season/index_files filelist.xml
2006.10.22 21:23 B C:\Documents and Settings\Administrator\My Documents\SCCAGRR\results\2006\season\index_files\sheet001.htm --> www.sccagrr.com /html/results/2006/season/index_files sheet001.htm
2006.10.22 21:23 B C:\Documents and Settings\Administrator\My Documents\SCCAGRR\results\2006\season\index_files\sheet002.htm --> www.sccagrr.com /html/results/2006/season/index_files sheet002.htm
2006.10.22 21:23 B C:\Documents and Settings\Administrator\My Documents\SCCAGRR\results\2006\season\index_files\stylesheet.css --> www.sccagrr.com /html/results/2006/season/index_files stylesheet.css
2006.10.22 21:23 B C:\Documents and Settings\Administrator\My Documents\SCCAGRR\results\2006\season\index_files\tabstrip.htm --> www.sccagrr.com /html/results/2006/season/index_files tabstrip.htm
2006.11.04 19:31 B C:\Documents and Settings\Administrator\My Documents\SCCAGRR\results\2006\season\index_files\filelist.xml --> www.sccagrr.com /html/results/2006/season/index_files filelist.xml
2006.11.04 19:32 B C:\Documents and Settings\Administrator\My Documents\SCCAGRR\results\2006\season\index_files\sheet001.htm --> www.sccagrr.com /html/results/2006/season/index_files sheet001.htm
2006.11.04 19:32 B C:\Documents and Settings\Administrator\My Documents\SCCAGRR\results\2006\season\index_files\sheet002.htm --> www.sccagrr.com /html/results/2006/season/index_files sheet002.htm
2006.11.04 19:32 B C:\Documents and Settings\Administrator\My Documents\SCCAGRR\results\2006\season\index_files\stylesheet.css --> www.sccagrr.com /html/results/2006/season/index_files stylesheet.css
2006.11.04 19:32 B C:\Documents and Settings\Administrator\My Documents\SCCAGRR\results\2006\season\index_files\tabstrip.htm --> www.sccagrr.com /html/results/2006/season/index_files tabstrip.htm
2006.11.05 13:54 B C:\Documents and Settings\Administrator\My Documents\SCCAGRR\results\2006\season\index_files\filelist.xml --> www.sccagrr.com /html/results/2006/season/index_files filelist.xml
2006.11.05 13:54 B C:\Documents and Settings\Administrator\My Documents\SCCAGRR\results\2006\season\index_files\sheet001.htm --> www.sccagrr.com /html/results/2006/season/index_files sheet001.htm
2006.11.05 13:54 B C:\Documents and Settings\Administrator\My Documents\SCCAGRR\results\2006\season\index_files\sheet002.htm --> www.sccagrr.com /html/results/2006/season/index_files sheet002.htm
2006.11.05 13:54 B C:\Documents and Settings\Administrator\My Documents\SCCAGRR\results\2006\season\index_files\stylesheet.css --> www.sccagrr.com /html/results/2006/season/index_files stylesheet.css
2006.11.05 13:54 B C:\Documents and Settings\Administrator\My Documents\SCCAGRR\results\2006\season\index_files\tabstrip.htm --> www.sccagrr.com /html/results/2006/season/index_files tabstrip.htm
2007.11.10 23:35 B F:\My Documents\My Webs\SCCAGRR\results\2006\season\index_files\filelist.xml --> calypso.dreamhost.com /sccagrr.com/results/2006/season/index_files filelist.xml
2007.11.10 23:35 B F:\My Documents\My Webs\SCCAGRR\results\2006\season\index_files\sheet001.htm --> calypso.dreamhost.com /sccagrr.com/results/2006/season/index_files sheet001.htm
2007.11.10 23:35 B F:\My Documents\My Webs\SCCAGRR\results\2006\season\index_files\sheet002.htm --> calypso.dreamhost.com /sccagrr.com/results/2006/season/index_files sheet002.htm
2007.11.10 23:35 B F:\My Documents\My Webs\SCCAGRR\results\2006\season\index_files\stylesheet.css --> calypso.dreamhost.com /sccagrr.com/results/2006/season/index_files stylesheet.css
2007.11.10 23:35 B F:\My Documents\My Webs\SCCAGRR\results\2006\season\index_files\tabstrip.htm --> calypso.dreamhost.com /sccagrr.com/results/2006/season/index_files tabstrip.htm
