2007.04.18 13:08 B C:\Documents and Settings\Administrator\My Documents\SCCAGRR\results\2007\event1\index_files\editdata.mso --> www.sccagrr.com /html/results/2007/event1/index_files editdata.mso
2007.04.18 13:08 B C:\Documents and Settings\Administrator\My Documents\SCCAGRR\results\2007\event1\index_files\filelist.xml --> www.sccagrr.com /html/results/2007/event1/index_files filelist.xml
2007.04.18 13:08 B C:\Documents and Settings\Administrator\My Documents\SCCAGRR\results\2007\event1\index_files\sheet001.htm --> www.sccagrr.com /html/results/2007/event1/index_files sheet001.htm
2007.04.18 13:08 B C:\Documents and Settings\Administrator\My Documents\SCCAGRR\results\2007\event1\index_files\sheet002.htm --> www.sccagrr.com /html/results/2007/event1/index_files sheet002.htm
2007.04.18 13:08 B C:\Documents and Settings\Administrator\My Documents\SCCAGRR\results\2007\event1\index_files\sheet003.htm --> www.sccagrr.com /html/results/2007/event1/index_files sheet003.htm
2007.04.18 13:08 B C:\Documents and Settings\Administrator\My Documents\SCCAGRR\results\2007\event1\index_files\stylesheet.css --> www.sccagrr.com /html/results/2007/event1/index_files stylesheet.css
2007.04.18 13:08 B C:\Documents and Settings\Administrator\My Documents\SCCAGRR\results\2007\event1\index_files\tabstrip.htm --> www.sccagrr.com /html/results/2007/event1/index_files tabstrip.htm
2007.05.09 02:39 B C:\Documents and Settings\Administrator\My Documents\SCCAGRR\results\2007\event1\index_files\WS_FTP.LOG --> www.sccagrr.com /html/results/2007/event1/index_files WS_FTP.LOG
2007.06.19 00:11 B C:\Documents and Settings\Administrator\My Documents\SCCAGRR\results\2007\event1\index_files\editdata.mso --> www.sccagrr.com /html/results/2007/event1/index_files editdata.mso
2007.06.19 00:11 B C:\Documents and Settings\Administrator\My Documents\SCCAGRR\results\2007\event1\index_files\filelist.xml --> www.sccagrr.com /html/results/2007/event1/index_files filelist.xml
2007.06.19 00:11 B C:\Documents and Settings\Administrator\My Documents\SCCAGRR\results\2007\event1\index_files\sheet001.htm --> www.sccagrr.com /html/results/2007/event1/index_files sheet001.htm
2007.06.19 00:11 B C:\Documents and Settings\Administrator\My Documents\SCCAGRR\results\2007\event1\index_files\sheet002.htm --> www.sccagrr.com /html/results/2007/event1/index_files sheet002.htm
2007.06.19 00:11 B C:\Documents and Settings\Administrator\My Documents\SCCAGRR\results\2007\event1\index_files\sheet003.htm --> www.sccagrr.com /html/results/2007/event1/index_files sheet003.htm
2007.06.19 00:11 B C:\Documents and Settings\Administrator\My Documents\SCCAGRR\results\2007\event1\index_files\stylesheet.css --> www.sccagrr.com /html/results/2007/event1/index_files stylesheet.css
2007.06.19 00:11 B C:\Documents and Settings\Administrator\My Documents\SCCAGRR\results\2007\event1\index_files\tabstrip.htm --> www.sccagrr.com /html/results/2007/event1/index_files tabstrip.htm
2007.11.10 23:35 B F:\My Documents\My Webs\SCCAGRR\results\2007\event1\index_files\editdata.mso --> calypso.dreamhost.com /sccagrr.com/results/2007/event1/index_files editdata.mso
2007.11.10 23:35 B F:\My Documents\My Webs\SCCAGRR\results\2007\event1\index_files\filelist.xml --> calypso.dreamhost.com /sccagrr.com/results/2007/event1/index_files filelist.xml
2007.11.10 23:36 B F:\My Documents\My Webs\SCCAGRR\results\2007\event1\index_files\sheet001.htm --> calypso.dreamhost.com /sccagrr.com/results/2007/event1/index_files sheet001.htm
2007.11.10 23:36 B F:\My Documents\My Webs\SCCAGRR\results\2007\event1\index_files\sheet002.htm --> calypso.dreamhost.com /sccagrr.com/results/2007/event1/index_files sheet002.htm
2007.11.10 23:36 B F:\My Documents\My Webs\SCCAGRR\results\2007\event1\index_files\sheet003.htm --> calypso.dreamhost.com /sccagrr.com/results/2007/event1/index_files sheet003.htm
2007.11.10 23:36 B F:\My Documents\My Webs\SCCAGRR\results\2007\event1\index_files\stylesheet.css --> calypso.dreamhost.com /sccagrr.com/results/2007/event1/index_files stylesheet.css
2007.11.10 23:36 B F:\My Documents\My Webs\SCCAGRR\results\2007\event1\index_files\tabstrip.htm --> calypso.dreamhost.com /sccagrr.com/results/2007/event1/index_files tabstrip.htm
